<?xml version="1.0" encoding="utf-8"?><testsuites name="pytest tests"><testsuite name="pytest" errors="0" failures="0" skipped="0" tests="7" time="8.095" timestamp="2026-09-06T19:05:33.077368+00:00" hostname="agent-env-016e1b42-760c-4b8e-a504-6bb19942c661"><testcase classname="tests.test_iter3_features.TestUploadAndFiles" name="test_upload_returns_path_and_files_serves_it" time="3.511" /><testcase classname="tests.test_iter3_features.TestPasswordAndDelete" name="test_change_password_flow" time="3.443" /><testcase classname="tests.test_iter3_features.TestPasswordAndDelete" name="test_set_password_409_when_already_set" time="0.628" /><testcase classname="tests.test_iter3_features.TestDayPhotos" name="test_photos_persist_and_mark_completed" time="3.824" /><testcase classname="tests.test_iter3_features.TestPasswordAndDelete" name="test_me_returns_has_password" time="0.367" /><testcase classname="tests.test_iter3_features.TestPasswordAndDelete" name="test_delete_account_flow" time="3.193" /><testcase classname="tests.test_iter3_features.TestWeeklyRecapExtras" name="test_recap_best_day_and_moods_by_day" time="0.443" /></testsuite></testsuites>