<?xml version="1.0" encoding="utf-8"?><testsuites name="pytest tests"><testsuite name="pytest" errors="0" failures="1" skipped="0" tests="11" time="6.649" timestamp="2026-09-06T19:39:07.707027+00:00" hostname="agent-env-016e1b42-760c-4b8e-a504-6bb19942c661"><testcase classname="tests.test_iter5_features.TestGratitudeTrends" name="test_shape_and_repeat_threshold" time="0.910" /><testcase classname="tests.test_iter5_features.TestSearchFilters" name="test_pages_10_only_journal" time="0.548" /><testcase classname="tests.test_iter5_features.TestSearchFilters" name="test_pages_3_only_blessings" time="0.300" /><testcase classname="tests.test_iter5_features.TestSearchFilters" name="test_no_pages_returns_all_matches" time="0.257" /><testcase classname="tests.test_iter5_features.TestGratitudeTrends" name="test_empty_when_no_repeats" time="0.147" /><testcase classname="tests.test_iter5_features.TestGratitudeTrends" name="test_max_six" time="1.441" /><testcase classname="tests.test_iter5_features.TestSearchFilters" name="test_from_to_limits_date_range" time="0.341" /><testcase classname="tests.test_iter5_features.TestYearlyWrap" name="test_shape_and_values" time="0.377" /><testcase classname="tests.test_iter5_features.TestYearlyWrap" name="test_defaults_to_current_year" time="0.063" /><testcase classname="tests.test_iter5_features.TestRegression" name="test_core_endpoints" time="3.146" /><testcase classname="tests.test_iter5_features.TestRegression" name="test_auth_register_login" time="0.665"><failure message="KeyError: 'email'">backend/tests/test_iter5_features.py:282: in test_auth_register_login
    assert me.json()["email"] == email
           ^^^^^^^^^^^^^^^^^^
E   KeyError: 'email'</failure></testcase></testsuite></testsuites>