<?xml version="1.0" encoding="utf-8"?><testsuites name="pytest tests"><testsuite name="pytest" errors="0" failures="0" skipped="0" tests="32" time="13.960" timestamp="2026-09-06T19:05:45.336228+00:00" hostname="agent-env-016e1b42-760c-4b8e-a504-6bb19942c661"><testcase classname="tests.test_auth_and_features.TestAuth" name="test_01_register_returns_token_and_user" time="0.421" /><testcase classname="tests.test_aura_api.TestAuraFullFlow" name="test_01_init" time="0.154" /><testcase classname="tests.test_aura_api.TestAuraFullFlow" name="test_02_init_idempotent" time="0.328" /><testcase classname="tests.test_auth_and_features.TestAuth" name="test_02_duplicate_register_returns_409" time="0.413" /><testcase classname="tests.test_aura_api.TestAuraFullFlow" name="test_03_get_day_returns_ai_content" time="1.245" /><testcase classname="tests.test_auth_and_features.TestAuth" name="test_03_login_success_and_wrong_password" time="1.183" /><testcase classname="tests.test_aura_api.TestAuraFullFlow" name="test_04_ai_content_cached" time="0.290" /><testcase classname="tests.test_auth_and_features.TestAuth" name="test_04_me_and_logout" time="0.800" /><testcase classname="tests.test_aura_api.TestAuraFullFlow" name="test_05_put_day_persists_all_fields" time="0.294" /><testcase classname="tests.test_aura_api.TestAuraFullFlow" name="test_06_calendar_reflects_saved_entry" time="0.087" /><testcase classname="tests.test_aura_api.TestAuraFullFlow" name="test_07_search_finds_journal" time="0.063" /><testcase classname="tests.test_aura_api.TestAuraFullFlow" name="test_08_search_finds_workout_and_goals" time="0.127" /><testcase classname="tests.test_aura_api.TestAuraFullFlow" name="test_09_search_empty_q" time="0.062" /><testcase classname="tests.test_aura_api.TestAuraFullFlow" name="test_10_insights_shape" time="0.107" /><testcase classname="tests.test_aura_api.TestAuraFullFlow" name="test_11_future_day_7_is_special" time="1.359" /><testcase classname="tests.test_auth_and_features.TestAuth" name="test_05_google_session_invalid_returns_401" time="0.190" /><testcase classname="tests.test_iter3_features.TestPasswordAndDelete" name="test_change_password_flow" time="3.019" /><testcase classname="tests.test_aura_api.TestAuraFullFlow" name="test_12_day_2_not_special" time="1.028" /><testcase classname="tests.test_auth_and_features.TestMigrationAndDataDualAuth" name="test_06_anonymous_to_account_migration" time="0.939" /><testcase classname="tests.test_iter3_features.TestPasswordAndDelete" name="test_set_password_409_when_already_set" time="0.587" /><testcase classname="tests.test_auth_and_features.TestMigrationAndDataDualAuth" name="test_07_data_endpoints_dual_auth" time="2.747" /><testcase classname="tests.test_iter3_features.TestPasswordAndDelete" name="test_me_returns_has_password" time="0.368" /><testcase classname="tests.test_iter3_features.TestPasswordAndDelete" name="test_delete_account_flow" time="1.960" /><testcase classname="tests.test_auth_and_features.TestMigrationAndDataDualAuth" name="test_08_missing_identifier_returns_400" time="0.084" /><testcase classname="tests.test_auth_and_features.TestMoodWorkoutsRecap" name="test_09_mood_persistence_and_breakdown" time="1.771" /><testcase classname="tests.test_aura_api.TestHealth" name="test_root" time="0.279" /><testcase classname="tests.test_aura_api.TestUserIsolation" name="test_new_user_sees_empty_calendar" time="0.192" /><testcase classname="tests.test_iter3_features.TestUploadAndFiles" name="test_upload_returns_path_and_files_serves_it" time="1.564" /><testcase classname="tests.test_auth_and_features.TestMoodWorkoutsRecap" name="test_10_workouts_multi_persist_and_search" time="0.654" /><testcase classname="tests.test_iter3_features.TestDayPhotos" name="test_photos_persist_and_mark_completed" time="2.213" /><testcase classname="tests.test_auth_and_features.TestMoodWorkoutsRecap" name="test_11_weekly_recap_sunday_window_and_fields" time="1.344" /><testcase classname="tests.test_iter3_features.TestWeeklyRecapExtras" name="test_recap_best_day_and_moods_by_day" time="0.442" /></testsuite></testsuites>