<?xml version="1.0" encoding="utf-8"?><testsuites name="pytest tests"><testsuite name="pytest" errors="0" failures="0" skipped="0" tests="9" time="1.384" timestamp="2026-09-06T19:53:33.672385+00:00" hostname="agent-env-016e1b42-760c-4b8e-a504-6bb19942c661"><testcase classname="tests.test_iter6_features.TestWeeklyRecapStreak" name="test_weekly_recap_currentStreak" time="0.342" /><testcase classname="tests.test_iter6_features.TestStreakFreeze" name="test_freeze_covers_single_gap_in_month" time="0.511" /><testcase classname="tests.test_iter6_features.TestSearchPage9Label" name="test_page9_label_is_todays_actions" time="0.219" /><testcase classname="tests.test_iter6_features.TestStreakFreeze" name="test_two_missed_days_break_streak" time="0.081" /><testcase classname="tests.test_iter6_features.TestGratitudeTopBlessing" name="test_top_blessing_repeats_ge_2" time="0.272" /><testcase classname="tests.test_iter6_features.TestStreakFreeze" name="test_no_gaps_freeze_unused" time="0.119" /><testcase classname="tests.test_iter6_features.TestStreakFreeze" name="test_init_returns_rest_day_available" time="0.085" /><testcase classname="tests.test_iter6_features.TestStreakFreeze" name="test_longest_streak_strict_consecutive" time="0.091" /><testcase classname="tests.test_iter6_features.TestStreakFreeze" name="test_freeze_stops_at_earliest_login" time="0.094" /></testsuite></testsuites>