<?xml version="1.0" encoding="utf-8"?><testsuites name="pytest tests"><testsuite name="pytest" errors="0" failures="0" skipped="0" tests="62" time="21.517" timestamp="2026-09-06T19:53:38.885098+00:00" hostname="agent-env-016e1b42-760c-4b8e-a504-6bb19942c661"><testcase classname="tests.test_aura_api.TestAuraFullFlow" name="test_01_init" time="0.273" /><testcase classname="tests.test_iter6_features.TestStreakFreeze" name="test_freeze_covers_single_gap_in_month" time="0.245" /><testcase classname="tests.test_iter6_features.TestStreakFreeze" name="test_two_missed_days_break_streak" time="0.088" /><testcase classname="tests.test_aura_api.TestAuraFullFlow" name="test_02_init_idempotent" time="0.234" /><testcase classname="tests.test_iter6_features.TestStreakFreeze" name="test_no_gaps_freeze_unused" time="0.087" /><testcase classname="tests.test_iter6_features.TestStreakFreeze" name="test_init_returns_rest_day_available" time="0.082" /><testcase classname="tests.test_iter6_features.TestStreakFreeze" name="test_longest_streak_strict_consecutive" time="0.075" /><testcase classname="tests.test_aura_api.TestAuraFullFlow" name="test_03_get_day_returns_ai_content" time="2.403" /><testcase classname="tests.test_iter6_features.TestStreakFreeze" name="test_freeze_stops_at_earliest_login" time="1.347" /><testcase classname="tests.test_auth_and_features.TestAuth" name="test_01_register_returns_token_and_user" time="0.298" /><testcase classname="tests.test_auth_and_features.TestAuth" name="test_02_duplicate_register_returns_409" time="0.368" /><testcase classname="tests.test_auth_and_features.TestAuth" name="test_03_login_success_and_wrong_password" time="1.234" /><testcase classname="tests.test_aura_api.TestAuraFullFlow" name="test_04_ai_content_cached" time="0.340" /><testcase classname="tests.test_aura_api.TestAuraFullFlow" name="test_05_put_day_persists_all_fields" time="0.589" /><testcase classname="tests.test_auth_and_features.TestAuth" name="test_04_me_and_logout" time="0.762" /><testcase classname="tests.test_aura_api.TestAuraFullFlow" name="test_06_calendar_reflects_saved_entry" time="0.295" /><testcase classname="tests.test_aura_api.TestAuraFullFlow" name="test_07_search_finds_journal" time="0.077" /><testcase classname="tests.test_aura_api.TestAuraFullFlow" name="test_08_search_finds_workout_and_goals" time="0.145" /><testcase classname="tests.test_aura_api.TestAuraFullFlow" name="test_09_search_empty_q" time="0.115" /><testcase classname="tests.test_aura_api.TestAuraFullFlow" name="test_10_insights_shape" time="0.114" /><testcase classname="tests.test_aura_api.TestAuraFullFlow" name="test_11_future_day_7_is_special" time="0.925" /><testcase classname="tests.test_auth_and_features.TestAuth" name="test_05_google_session_invalid_returns_401" time="0.177" /><testcase classname="tests.test_iter4_features.TestOnThisDay" name="test_not_found_when_no_entries" time="0.083" /><testcase classname="tests.test_iter4_features.TestOnThisDay" name="test_not_found_when_candidate_before_signup" time="0.213" /><testcase classname="tests.test_iter4_features.TestOnThisDay" name="test_found_after_backdated_signup_snippet_from_journal" time="0.214" /><testcase classname="tests.test_iter4_features.TestOnThisDay" name="test_snippet_fallbacks_to_blessing" time="0.209" /><testcase classname="tests.test_iter4_features.TestOnThisDay" name="test_nearest_week_wins" time="0.273" /><testcase classname="tests.test_aura_api.TestAuraFullFlow" name="test_12_day_2_not_special" time="1.083" /><testcase classname="tests.test_iter4_features.TestMoodTrend" name="test_defaults_length_and_shape" time="0.068" /><testcase classname="tests.test_iter4_features.TestMoodTrend" name="test_clamped_to_7_min" time="0.070" /><testcase classname="tests.test_iter4_features.TestMoodTrend" name="test_clamped_to_90_max" time="0.094" /><testcase classname="tests.test_iter4_features.TestMoodTrend" name="test_average_reflects_saved_moods" time="0.242" /><testcase classname="tests.test_iter5_features.TestSearchFilters" name="test_pages_10_only_journal" time="0.284" /><testcase classname="tests.test_iter5_features.TestSearchFilters" name="test_pages_3_only_blessings" time="0.663" /><testcase classname="tests.test_iter3_features.TestPasswordAndDelete" name="test_change_password_flow" time="2.941" /><testcase classname="tests.test_iter5_features.TestSearchFilters" name="test_no_pages_returns_all_matches" time="0.899" /><testcase classname="tests.test_iter5_features.TestSearchFilters" name="test_from_to_limits_date_range" time="1.147" /><testcase classname="tests.test_auth_and_features.TestMigrationAndDataDualAuth" name="test_06_anonymous_to_account_migration" time="1.195" /><testcase classname="tests.test_iter3_features.TestPasswordAndDelete" name="test_set_password_409_when_already_set" time="0.602" /><testcase classname="tests.test_iter3_features.TestPasswordAndDelete" name="test_me_returns_has_password" time="0.369" /><testcase classname="tests.test_auth_and_features.TestMigrationAndDataDualAuth" name="test_07_data_endpoints_dual_auth" time="2.848" /><testcase classname="tests.test_iter3_features.TestPasswordAndDelete" name="test_delete_account_flow" time="2.155" /><testcase classname="tests.test_auth_and_features.TestMoodWorkoutsRecap" name="test_09_mood_persistence_and_breakdown" time="1.379" /><testcase classname="tests.test_auth_and_features.TestMigrationAndDataDualAuth" name="test_08_missing_identifier_returns_400" time="0.070" /><testcase classname="tests.test_iter5_features.TestGratitudeTrends" name="test_shape_and_repeat_threshold" time="0.535" /><testcase classname="tests.test_iter5_features.TestGratitudeTrends" name="test_empty_when_no_repeats" time="0.138" /><testcase classname="tests.test_iter5_features.TestGratitudeTrends" name="test_max_six" time="1.885" /><testcase classname="tests.test_auth_and_features.TestMoodWorkoutsRecap" name="test_10_workouts_multi_persist_and_search" time="0.555" /><testcase classname="tests.test_auth_and_features.TestMoodWorkoutsRecap" name="test_11_weekly_recap_sunday_window_and_fields" time="1.394" /><testcase classname="tests.test_iter5_features.TestYearlyWrap" name="test_shape_and_values" time="0.441" /><testcase classname="tests.test_iter5_features.TestRegression" name="test_core_endpoints" time="1.541" /><testcase classname="tests.test_iter5_features.TestYearlyWrap" name="test_defaults_to_current_year" time="0.078" /><testcase classname="tests.test_aura_api.TestHealth" name="test_root" time="0.067" /><testcase classname="tests.test_iter3_features.TestUploadAndFiles" name="test_upload_returns_path_and_files_serves_it" time="1.847" /><testcase classname="tests.test_iter5_features.TestRegression" name="test_auth_register_login" time="0.884" /><testcase classname="tests.test_iter3_features.TestDayPhotos" name="test_photos_persist_and_mark_completed" time="1.644" /><testcase classname="tests.test_aura_api.TestUserIsolation" name="test_new_user_sees_empty_calendar" time="0.305" /><testcase classname="tests.test_iter4_features.TestRegression" name="test_today_calendar_search_insights_weekly_recap" time="2.012" /><testcase classname="tests.test_iter3_features.TestWeeklyRecapExtras" name="test_recap_best_day_and_moods_by_day" time="0.437" /><testcase classname="tests.test_iter6_features.TestWeeklyRecapStreak" name="test_weekly_recap_currentStreak" time="0.073" /><testcase classname="tests.test_iter6_features.TestSearchPage9Label" name="test_page9_label_is_todays_actions" time="0.149" /><testcase classname="tests.test_iter6_features.TestGratitudeTopBlessing" name="test_top_blessing_repeats_ge_2" time="0.219" /></testsuite></testsuites>