<?xml version="1.0" encoding="utf-8"?><testsuites name="pytest tests"><testsuite name="pytest" errors="0" failures="0" skipped="0" tests="12" time="9.363" timestamp="2026-09-07T11:44:02.983079+00:00" hostname="agent-env-016e1b42-760c-4b8e-a504-6bb19942c661"><testcase classname="tests.test_iter8_features.TestCarriedAffirmation" name="test_carry_from_monday" time="4.016" /><testcase classname="tests.test_iter8_features.TestAffirmationDay" name="test_day1_is_affirmation_day" time="2.761" /><testcase classname="tests.test_iter8_features.TestAffirmationDay" name="test_monday_is_affirmation_day_non_day1" time="1.085" /><testcase classname="tests.test_iter8_features.TestAffirmationDay" name="test_tuesday_not_affirmation_day" time="1.107" /><testcase classname="tests.test_iter8_features.TestCarriedAffirmation" name="test_custom_affirmation_takes_precedence" time="1.518" /><testcase classname="tests.test_iter8_features.TestAffirmationDay" name="test_saturday_not_affirmation_day" time="1.128" /><testcase classname="tests.test_iter8_features.TestCarriedAffirmation" name="test_no_affirmation_history_returns_empty" time="1.252" /><testcase classname="tests.test_iter8_features.TestRegression" name="test_calendar_streak_fields" time="0.333" /><testcase classname="tests.test_iter8_features.TestRegression" name="test_gratitude_wall_still_works" time="0.420" /><testcase classname="tests.test_iter8_features.TestQuoteAlwaysPresent" name="test_quote_on_affirmation_day" time="1.246" /><testcase classname="tests.test_iter8_features.TestRegression" name="test_put_persists_affirmation" time="1.431" /><testcase classname="tests.test_iter8_features.TestQuoteAlwaysPresent" name="test_quote_on_non_affirmation_day" time="1.029" /></testsuite></testsuites>