<?xml version="1.0" encoding="utf-8"?><testsuites name="pytest tests"><testsuite name="pytest" errors="0" failures="0" skipped="0" tests="11" time="10.015" timestamp="2026-09-06T18:35:34.303922+00:00" hostname="agent-env-016e1b42-760c-4b8e-a504-6bb19942c661"><testcase classname="tests.test_auth_and_features.TestAuth" name="test_01_register_returns_token_and_user" time="0.504" /><testcase classname="tests.test_auth_and_features.TestAuth" name="test_02_duplicate_register_returns_409" time="0.348" /><testcase classname="tests.test_auth_and_features.TestAuth" name="test_03_login_success_and_wrong_password" time="1.146" /><testcase classname="tests.test_auth_and_features.TestAuth" name="test_04_me_and_logout" time="0.575" /><testcase classname="tests.test_auth_and_features.TestAuth" name="test_05_google_session_invalid_returns_401" time="0.178" /><testcase classname="tests.test_auth_and_features.TestMigrationAndDataDualAuth" name="test_06_anonymous_to_account_migration" time="0.483" /><testcase classname="tests.test_auth_and_features.TestMigrationAndDataDualAuth" name="test_07_data_endpoints_dual_auth" time="3.343" /><testcase classname="tests.test_auth_and_features.TestMigrationAndDataDualAuth" name="test_08_missing_identifier_returns_400" time="0.058" /><testcase classname="tests.test_auth_and_features.TestMoodWorkoutsRecap" name="test_09_mood_persistence_and_breakdown" time="1.486" /><testcase classname="tests.test_auth_and_features.TestMoodWorkoutsRecap" name="test_10_workouts_multi_persist_and_search" time="0.497" /><testcase classname="tests.test_auth_and_features.TestMoodWorkoutsRecap" name="test_11_weekly_recap_sunday_window_and_fields" time="1.353" /></testsuite></testsuites>