<?xml version="1.0" encoding="utf-8"?><testsuites name="pytest tests"><testsuite name="pytest" errors="0" failures="0" skipped="0" tests="25" time="15.672" timestamp="2026-09-06T18:36:17.069708+00:00" hostname="agent-env-016e1b42-760c-4b8e-a504-6bb19942c661"><testcase classname="tests.test_aura_api.TestHealth" name="test_root" time="0.200" /><testcase classname="tests.test_aura_api.TestUserIsolation" name="test_new_user_sees_empty_calendar" time="0.144" /><testcase classname="tests.test_aura_api.TestAuraFullFlow" name="test_01_init" time="0.073" /><testcase classname="tests.test_aura_api.TestAuraFullFlow" name="test_02_init_idempotent" time="0.143" /><testcase classname="tests.test_aura_api.TestAuraFullFlow" name="test_03_get_day_returns_ai_content" time="2.537" /><testcase classname="tests.test_aura_api.TestAuraFullFlow" name="test_04_ai_content_cached" time="0.147" /><testcase classname="tests.test_aura_api.TestAuraFullFlow" name="test_05_put_day_persists_all_fields" time="0.142" /><testcase classname="tests.test_aura_api.TestAuraFullFlow" name="test_06_calendar_reflects_saved_entry" time="0.077" /><testcase classname="tests.test_aura_api.TestAuraFullFlow" name="test_07_search_finds_journal" time="0.070" /><testcase classname="tests.test_aura_api.TestAuraFullFlow" name="test_08_search_finds_workout_and_goals" time="0.175" /><testcase classname="tests.test_aura_api.TestAuraFullFlow" name="test_09_search_empty_q" time="0.065" /><testcase classname="tests.test_aura_api.TestAuraFullFlow" name="test_10_insights_shape" time="0.068" /><testcase classname="tests.test_aura_api.TestAuraFullFlow" name="test_11_future_day_7_is_special" time="1.126" /><testcase classname="tests.test_aura_api.TestAuraFullFlow" name="test_12_day_2_not_special" time="1.359" /><testcase classname="tests.test_auth_and_features.TestAuth" name="test_01_register_returns_token_and_user" time="0.319" /><testcase classname="tests.test_auth_and_features.TestAuth" name="test_02_duplicate_register_returns_409" time="0.361" /><testcase classname="tests.test_auth_and_features.TestAuth" name="test_03_login_success_and_wrong_password" time="1.172" /><testcase classname="tests.test_auth_and_features.TestAuth" name="test_04_me_and_logout" time="0.629" /><testcase classname="tests.test_auth_and_features.TestAuth" name="test_05_google_session_invalid_returns_401" time="0.191" /><testcase classname="tests.test_auth_and_features.TestMigrationAndDataDualAuth" name="test_06_anonymous_to_account_migration" time="0.498" /><testcase classname="tests.test_auth_and_features.TestMigrationAndDataDualAuth" name="test_07_data_endpoints_dual_auth" time="2.397" /><testcase classname="tests.test_auth_and_features.TestMigrationAndDataDualAuth" name="test_08_missing_identifier_returns_400" time="0.071" /><testcase classname="tests.test_auth_and_features.TestMoodWorkoutsRecap" name="test_09_mood_persistence_and_breakdown" time="1.548" /><testcase classname="tests.test_auth_and_features.TestMoodWorkoutsRecap" name="test_10_workouts_multi_persist_and_search" time="0.550" /><testcase classname="tests.test_auth_and_features.TestMoodWorkoutsRecap" name="test_11_weekly_recap_sunday_window_and_fields" time="1.565" /></testsuite></testsuites>