<?xml version="1.0" encoding="utf-8"?><testsuites name="pytest tests"><testsuite name="pytest" errors="0" failures="0" skipped="0" tests="10" time="3.756" timestamp="2026-09-06T19:25:39.969096+00:00" hostname="agent-env-016e1b42-760c-4b8e-a504-6bb19942c661"><testcase classname="tests.test_iter4_features.TestMoodTrend" name="test_defaults_length_and_shape" time="0.204" /><testcase classname="tests.test_iter4_features.TestOnThisDay" name="test_not_found_when_no_entries" time="0.238" /><testcase classname="tests.test_iter4_features.TestMoodTrend" name="test_clamped_to_7_min" time="0.063" /><testcase classname="tests.test_iter4_features.TestOnThisDay" name="test_not_found_when_candidate_before_signup" time="0.291" /><testcase classname="tests.test_iter4_features.TestMoodTrend" name="test_clamped_to_90_max" time="0.064" /><testcase classname="tests.test_iter4_features.TestMoodTrend" name="test_average_reflects_saved_moods" time="0.188" /><testcase classname="tests.test_iter4_features.TestRegression" name="test_today_calendar_search_insights_weekly_recap" time="2.843" /><testcase classname="tests.test_iter4_features.TestOnThisDay" name="test_found_after_backdated_signup_snippet_from_journal" time="1.640" /><testcase classname="tests.test_iter4_features.TestOnThisDay" name="test_snippet_fallbacks_to_blessing" time="0.325" /><testcase classname="tests.test_iter4_features.TestOnThisDay" name="test_nearest_week_wins" time="0.348" /></testsuite></testsuites>