<?xml version="1.0" encoding="utf-8"?><testsuites name="pytest tests"><testsuite name="pytest" errors="0" failures="0" skipped="0" tests="71" time="20.632" timestamp="2026-09-06T20:03:33.008577+00:00" hostname="agent-env-016e1b42-760c-4b8e-a504-6bb19942c661"><testcase classname="tests.test_aura_api.TestAuraFullFlow" name="test_01_init" time="0.229" /><testcase classname="tests.test_iter6_features.TestStreakFreeze" name="test_freeze_covers_single_gap_in_month" time="0.232" /><testcase classname="tests.test_aura_api.TestAuraFullFlow" name="test_02_init_idempotent" time="0.166" /><testcase classname="tests.test_iter6_features.TestStreakFreeze" name="test_two_missed_days_break_streak" time="0.113" /><testcase classname="tests.test_iter6_features.TestStreakFreeze" name="test_no_gaps_freeze_unused" time="0.108" /><testcase classname="tests.test_aura_api.TestAuraFullFlow" name="test_03_get_day_returns_ai_content" time="0.927" /><testcase classname="tests.test_iter6_features.TestStreakFreeze" name="test_init_returns_rest_day_available" time="0.083" /><testcase classname="tests.test_iter6_features.TestStreakFreeze" name="test_longest_streak_strict_consecutive" time="0.063" /><testcase classname="tests.test_iter6_features.TestStreakFreeze" name="test_freeze_stops_at_earliest_login" time="0.071" /><testcase classname="tests.test_auth_and_features.TestAuth" name="test_01_register_returns_token_and_user" time="0.289" /><testcase classname="tests.test_auth_and_features.TestAuth" name="test_02_duplicate_register_returns_409" time="0.350" /><testcase classname="tests.test_auth_and_features.TestAuth" name="test_03_login_success_and_wrong_password" time="1.217" /><testcase classname="tests.test_aura_api.TestAuraFullFlow" name="test_04_ai_content_cached" time="0.313" /><testcase classname="tests.test_aura_api.TestAuraFullFlow" name="test_05_put_day_persists_all_fields" time="0.324" /><testcase classname="tests.test_aura_api.TestAuraFullFlow" name="test_06_calendar_reflects_saved_entry" time="0.283" /><testcase classname="tests.test_aura_api.TestAuraFullFlow" name="test_07_search_finds_journal" time="0.283" /><testcase classname="tests.test_aura_api.TestAuraFullFlow" name="test_08_search_finds_workout_and_goals" time="0.295" /><testcase classname="tests.test_auth_and_features.TestAuth" name="test_04_me_and_logout" time="0.651" /><testcase classname="tests.test_aura_api.TestAuraFullFlow" name="test_09_search_empty_q" time="0.061" /><testcase classname="tests.test_aura_api.TestAuraFullFlow" name="test_10_insights_shape" time="0.065" /><testcase classname="tests.test_aura_api.TestAuraFullFlow" name="test_11_future_day_7_is_special" time="0.899" /><testcase classname="tests.test_auth_and_features.TestAuth" name="test_05_google_session_invalid_returns_401" time="0.421" /><testcase classname="tests.test_iter4_features.TestOnThisDay" name="test_not_found_when_no_entries" time="0.065" /><testcase classname="tests.test_iter4_features.TestOnThisDay" name="test_not_found_when_candidate_before_signup" time="0.254" /><testcase classname="tests.test_aura_api.TestAuraFullFlow" name="test_12_day_2_not_special" time="1.064" /><testcase classname="tests.test_iter4_features.TestOnThisDay" name="test_found_after_backdated_signup_snippet_from_journal" time="0.210" /><testcase classname="tests.test_iter4_features.TestOnThisDay" name="test_snippet_fallbacks_to_blessing" time="0.196" /><testcase classname="tests.test_iter4_features.TestOnThisDay" name="test_nearest_week_wins" time="0.288" /><testcase classname="tests.test_iter3_features.TestPasswordAndDelete" name="test_change_password_flow" time="2.736" /><testcase classname="tests.test_iter7_features.TestRegressions" name="test_gratitude_trends_still_works" time="1.077" /><testcase classname="tests.test_iter7_features.TestRegressions" name="test_day_get_and_put" time="1.779" /><testcase classname="tests.test_iter3_features.TestPasswordAndDelete" name="test_set_password_409_when_already_set" time="0.404" /><testcase classname="tests.test_iter3_features.TestPasswordAndDelete" name="test_me_returns_has_password" time="0.345" /><testcase classname="tests.test_iter7_features.TestRegressions" name="test_calendar" time="0.373" /><testcase classname="tests.test_iter3_features.TestPasswordAndDelete" name="test_delete_account_flow" time="2.118" /><testcase classname="tests.test_iter7_features.TestRegressions" name="test_search" time="0.304" /><testcase classname="tests.test_iter7_features.TestRegressions" name="test_auth_register_login" time="0.644" /><testcase classname="tests.test_iter5_features.TestSearchFilters" name="test_pages_10_only_journal" time="0.504" /><testcase classname="tests.test_iter5_features.TestSearchFilters" name="test_pages_3_only_blessings" time="0.667" /><testcase classname="tests.test_iter4_features.TestMoodTrend" name="test_defaults_length_and_shape" time="0.060" /><testcase classname="tests.test_iter5_features.TestSearchFilters" name="test_no_pages_returns_all_matches" time="0.305" /><testcase classname="tests.test_iter4_features.TestMoodTrend" name="test_clamped_to_7_min" time="0.058" /><testcase classname="tests.test_iter4_features.TestMoodTrend" name="test_clamped_to_90_max" time="0.061" /><testcase classname="tests.test_iter4_features.TestMoodTrend" name="test_average_reflects_saved_moods" time="0.227" /><testcase classname="tests.test_iter5_features.TestSearchFilters" name="test_from_to_limits_date_range" time="0.473" /><testcase classname="tests.test_auth_and_features.TestMigrationAndDataDualAuth" name="test_06_anonymous_to_account_migration" time="0.480" /><testcase classname="tests.test_iter7_features.TestGratitudeWall" name="test_wall_returns_all_blessings_newest_first" time="0.352" /><testcase classname="tests.test_auth_and_features.TestMigrationAndDataDualAuth" name="test_07_data_endpoints_dual_auth" time="2.170" /><testcase classname="tests.test_iter7_features.TestGratitudeWall" name="test_wall_empty_for_user_with_no_blessings" time="0.059" /><testcase classname="tests.test_iter7_features.TestGratitudeWall" name="test_wall_ignores_entries_with_only_empty_blessings" time="0.126" /><testcase classname="tests.test_iter7_features.TestGratitudeWall" name="test_wall_missing_user_id_returns_400" time="0.063" /><testcase classname="tests.test_iter5_features.TestGratitudeTrends" name="test_shape_and_repeat_threshold" time="0.450" /><testcase classname="tests.test_iter5_features.TestGratitudeTrends" name="test_empty_when_no_repeats" time="0.123" /><testcase classname="tests.test_iter5_features.TestGratitudeTrends" name="test_max_six" time="1.181" /><testcase classname="tests.test_auth_and_features.TestMigrationAndDataDualAuth" name="test_08_missing_identifier_returns_400" time="0.063" /><testcase classname="tests.test_auth_and_features.TestMoodWorkoutsRecap" name="test_09_mood_persistence_and_breakdown" time="1.630" /><testcase classname="tests.test_iter5_features.TestYearlyWrap" name="test_shape_and_values" time="0.551" /><testcase classname="tests.test_iter5_features.TestYearlyWrap" name="test_defaults_to_current_year" time="0.061" /><testcase classname="tests.test_iter5_features.TestRegression" name="test_core_endpoints" time="1.786" /><testcase classname="tests.test_auth_and_features.TestMoodWorkoutsRecap" name="test_10_workouts_multi_persist_and_search" time="0.479" /><testcase classname="tests.test_auth_and_features.TestMoodWorkoutsRecap" name="test_11_weekly_recap_sunday_window_and_fields" time="1.516" /><testcase classname="tests.test_iter5_features.TestRegression" name="test_auth_register_login" time="0.635" /><testcase classname="tests.test_aura_api.TestHealth" name="test_root" time="0.062" /><testcase classname="tests.test_iter3_features.TestDayPhotos" name="test_photos_persist_and_mark_completed" time="2.011" /><testcase classname="tests.test_aura_api.TestUserIsolation" name="test_new_user_sees_empty_calendar" time="0.133" /><testcase classname="tests.test_iter3_features.TestUploadAndFiles" name="test_upload_returns_path_and_files_serves_it" time="1.404" /><testcase classname="tests.test_iter6_features.TestWeeklyRecapStreak" name="test_weekly_recap_currentStreak" time="0.295" /><testcase classname="tests.test_iter3_features.TestWeeklyRecapExtras" name="test_recap_best_day_and_moods_by_day" time="0.428" /><testcase classname="tests.test_iter6_features.TestSearchPage9Label" name="test_page9_label_is_todays_actions" time="0.134" /><testcase classname="tests.test_iter6_features.TestGratitudeTopBlessing" name="test_top_blessing_repeats_ge_2" time="0.240" /><testcase classname="tests.test_iter4_features.TestRegression" name="test_today_calendar_search_insights_weekly_recap" time="1.277" /></testsuite></testsuites>