<?xml version="1.0" encoding="utf-8"?><testsuites name="pytest tests"><testsuite name="pytest" errors="0" failures="0" skipped="0" tests="53" time="20.685" timestamp="2026-09-06T19:39:27.975366+00:00" hostname="agent-env-016e1b42-760c-4b8e-a504-6bb19942c661"><testcase classname="tests.test_auth_and_features.TestAuth" name="test_01_register_returns_token_and_user" time="0.404" /><testcase classname="tests.test_aura_api.TestAuraFullFlow" name="test_01_init" time="0.208" /><testcase classname="tests.test_aura_api.TestAuraFullFlow" name="test_02_init_idempotent" time="0.496" /><testcase classname="tests.test_auth_and_features.TestAuth" name="test_02_duplicate_register_returns_409" time="0.354" /><testcase classname="tests.test_aura_api.TestAuraFullFlow" name="test_03_get_day_returns_ai_content" time="2.839" /><testcase classname="tests.test_auth_and_features.TestAuth" name="test_03_login_success_and_wrong_password" time="2.441" /><testcase classname="tests.test_auth_and_features.TestAuth" name="test_04_me_and_logout" time="0.615" /><testcase classname="tests.test_aura_api.TestAuraFullFlow" name="test_04_ai_content_cached" time="0.342" /><testcase classname="tests.test_auth_and_features.TestAuth" name="test_05_google_session_invalid_returns_401" time="0.192" /><testcase classname="tests.test_aura_api.TestAuraFullFlow" name="test_05_put_day_persists_all_fields" time="0.260" /><testcase classname="tests.test_iter4_features.TestOnThisDay" name="test_not_found_when_no_entries" time="0.070" /><testcase classname="tests.test_iter4_features.TestOnThisDay" name="test_not_found_when_candidate_before_signup" time="0.204" /><testcase classname="tests.test_aura_api.TestAuraFullFlow" name="test_06_calendar_reflects_saved_entry" time="0.089" /><testcase classname="tests.test_aura_api.TestAuraFullFlow" name="test_07_search_finds_journal" time="0.082" /><testcase classname="tests.test_iter4_features.TestOnThisDay" name="test_found_after_backdated_signup_snippet_from_journal" time="0.194" /><testcase classname="tests.test_aura_api.TestAuraFullFlow" name="test_08_search_finds_workout_and_goals" time="0.231" /><testcase classname="tests.test_iter4_features.TestOnThisDay" name="test_snippet_fallbacks_to_blessing" time="0.193" /><testcase classname="tests.test_aura_api.TestAuraFullFlow" name="test_09_search_empty_q" time="0.082" /><testcase classname="tests.test_aura_api.TestAuraFullFlow" name="test_10_insights_shape" time="0.127" /><testcase classname="tests.test_iter4_features.TestOnThisDay" name="test_nearest_week_wins" time="0.264" /><testcase classname="tests.test_aura_api.TestAuraFullFlow" name="test_11_future_day_7_is_special" time="1.322" /><testcase classname="tests.test_iter3_features.TestPasswordAndDelete" name="test_change_password_flow" time="2.732" /><testcase classname="tests.test_aura_api.TestAuraFullFlow" name="test_12_day_2_not_special" time="1.596" /><testcase classname="tests.test_iter3_features.TestPasswordAndDelete" name="test_set_password_409_when_already_set" time="0.350" /><testcase classname="tests.test_iter4_features.TestMoodTrend" name="test_defaults_length_and_shape" time="0.289" /><testcase classname="tests.test_iter4_features.TestMoodTrend" name="test_clamped_to_7_min" time="0.120" /><testcase classname="tests.test_iter3_features.TestPasswordAndDelete" name="test_me_returns_has_password" time="0.350" /><testcase classname="tests.test_iter4_features.TestMoodTrend" name="test_clamped_to_90_max" time="0.223" /><testcase classname="tests.test_iter4_features.TestMoodTrend" name="test_average_reflects_saved_moods" time="0.452" /><testcase classname="tests.test_iter3_features.TestPasswordAndDelete" name="test_delete_account_flow" time="2.131" /><testcase classname="tests.test_auth_and_features.TestMigrationAndDataDualAuth" name="test_06_anonymous_to_account_migration" time="0.819" /><testcase classname="tests.test_auth_and_features.TestMigrationAndDataDualAuth" name="test_07_data_endpoints_dual_auth" time="2.647" /><testcase classname="tests.test_iter5_features.TestSearchFilters" name="test_pages_10_only_journal" time="0.276" /><testcase classname="tests.test_iter5_features.TestSearchFilters" name="test_pages_3_only_blessings" time="0.275" /><testcase classname="tests.test_iter5_features.TestSearchFilters" name="test_no_pages_returns_all_matches" time="0.315" /><testcase classname="tests.test_iter5_features.TestSearchFilters" name="test_from_to_limits_date_range" time="0.267" /><testcase classname="tests.test_iter5_features.TestGratitudeTrends" name="test_shape_and_repeat_threshold" time="0.609" /><testcase classname="tests.test_auth_and_features.TestMigrationAndDataDualAuth" name="test_08_missing_identifier_returns_400" time="0.070" /><testcase classname="tests.test_iter5_features.TestGratitudeTrends" name="test_empty_when_no_repeats" time="0.127" /><testcase classname="tests.test_auth_and_features.TestMoodWorkoutsRecap" name="test_09_mood_persistence_and_breakdown" time="1.820" /><testcase classname="tests.test_iter5_features.TestGratitudeTrends" name="test_max_six" time="1.326" /><testcase classname="tests.test_iter5_features.TestYearlyWrap" name="test_shape_and_values" time="0.407" /><testcase classname="tests.test_iter5_features.TestYearlyWrap" name="test_defaults_to_current_year" time="0.063" /><testcase classname="tests.test_auth_and_features.TestMoodWorkoutsRecap" name="test_10_workouts_multi_persist_and_search" time="0.644" /><testcase classname="tests.test_iter5_features.TestRegression" name="test_core_endpoints" time="1.967" /><testcase classname="tests.test_auth_and_features.TestMoodWorkoutsRecap" name="test_11_weekly_recap_sunday_window_and_fields" time="2.068" /><testcase classname="tests.test_iter5_features.TestRegression" name="test_auth_register_login" time="0.680" /><testcase classname="tests.test_aura_api.TestUserIsolation" name="test_new_user_sees_empty_calendar" time="0.185" /><testcase classname="tests.test_aura_api.TestHealth" name="test_root" time="0.110" /><testcase classname="tests.test_iter3_features.TestUploadAndFiles" name="test_upload_returns_path_and_files_serves_it" time="1.718" /><testcase classname="tests.test_iter3_features.TestDayPhotos" name="test_photos_persist_and_mark_completed" time="2.346" /><testcase classname="tests.test_iter4_features.TestRegression" name="test_today_calendar_search_insights_weekly_recap" time="1.616" /><testcase classname="tests.test_iter3_features.TestWeeklyRecapExtras" name="test_recap_best_day_and_moods_by_day" time="0.414" /></testsuite></testsuites>