<?xml version="1.0" encoding="utf-8"?><testsuites name="pytest tests"><testsuite name="pytest" errors="0" failures="0" skipped="0" tests="42" time="16.512" timestamp="2026-09-06T19:25:48.079884+00:00" hostname="agent-env-016e1b42-760c-4b8e-a504-6bb19942c661"><testcase classname="tests.test_auth_and_features.TestAuth" name="test_01_register_returns_token_and_user" time="0.391" /><testcase classname="tests.test_aura_api.TestAuraFullFlow" name="test_01_init" time="0.382" /><testcase classname="tests.test_aura_api.TestAuraFullFlow" name="test_02_init_idempotent" time="0.313" /><testcase classname="tests.test_auth_and_features.TestAuth" name="test_02_duplicate_register_returns_409" time="0.389" /><testcase classname="tests.test_aura_api.TestAuraFullFlow" name="test_03_get_day_returns_ai_content" time="1.262" /><testcase classname="tests.test_auth_and_features.TestAuth" name="test_03_login_success_and_wrong_password" time="1.181" /><testcase classname="tests.test_aura_api.TestAuraFullFlow" name="test_04_ai_content_cached" time="0.289" /><testcase classname="tests.test_auth_and_features.TestAuth" name="test_04_me_and_logout" time="0.774" /><testcase classname="tests.test_aura_api.TestAuraFullFlow" name="test_05_put_day_persists_all_fields" time="0.130" /><testcase classname="tests.test_aura_api.TestAuraFullFlow" name="test_06_calendar_reflects_saved_entry" time="0.065" /><testcase classname="tests.test_aura_api.TestAuraFullFlow" name="test_07_search_finds_journal" time="0.065" /><testcase classname="tests.test_aura_api.TestAuraFullFlow" name="test_08_search_finds_workout_and_goals" time="0.167" /><testcase classname="tests.test_aura_api.TestAuraFullFlow" name="test_09_search_empty_q" time="0.108" /><testcase classname="tests.test_auth_and_features.TestAuth" name="test_05_google_session_invalid_returns_401" time="0.162" /><testcase classname="tests.test_aura_api.TestAuraFullFlow" name="test_10_insights_shape" time="0.066" /><testcase classname="tests.test_aura_api.TestAuraFullFlow" name="test_11_future_day_7_is_special" time="1.160" /><testcase classname="tests.test_iter4_features.TestOnThisDay" name="test_not_found_when_no_entries" time="0.074" /><testcase classname="tests.test_iter4_features.TestOnThisDay" name="test_not_found_when_candidate_before_signup" time="0.214" /><testcase classname="tests.test_iter4_features.TestOnThisDay" name="test_found_after_backdated_signup_snippet_from_journal" time="0.220" /><testcase classname="tests.test_iter4_features.TestOnThisDay" name="test_snippet_fallbacks_to_blessing" time="0.226" /><testcase classname="tests.test_iter4_features.TestOnThisDay" name="test_nearest_week_wins" time="0.305" /><testcase classname="tests.test_iter4_features.TestMoodTrend" name="test_defaults_length_and_shape" time="0.070" /><testcase classname="tests.test_aura_api.TestAuraFullFlow" name="test_12_day_2_not_special" time="1.350" /><testcase classname="tests.test_iter4_features.TestMoodTrend" name="test_clamped_to_7_min" time="0.069" /><testcase classname="tests.test_iter4_features.TestMoodTrend" name="test_clamped_to_90_max" time="0.069" /><testcase classname="tests.test_iter4_features.TestMoodTrend" name="test_average_reflects_saved_moods" time="0.249" /><testcase classname="tests.test_auth_and_features.TestMigrationAndDataDualAuth" name="test_06_anonymous_to_account_migration" time="0.537" /><testcase classname="tests.test_auth_and_features.TestMigrationAndDataDualAuth" name="test_07_data_endpoints_dual_auth" time="3.921" /><testcase classname="tests.test_iter3_features.TestPasswordAndDelete" name="test_change_password_flow" time="2.733" /><testcase classname="tests.test_iter3_features.TestPasswordAndDelete" name="test_set_password_409_when_already_set" time="0.350" /><testcase classname="tests.test_iter3_features.TestPasswordAndDelete" name="test_me_returns_has_password" time="0.355" /><testcase classname="tests.test_iter3_features.TestPasswordAndDelete" name="test_delete_account_flow" time="1.962" /><testcase classname="tests.test_auth_and_features.TestMigrationAndDataDualAuth" name="test_08_missing_identifier_returns_400" time="0.236" /><testcase classname="tests.test_auth_and_features.TestMoodWorkoutsRecap" name="test_09_mood_persistence_and_breakdown" time="1.783" /><testcase classname="tests.test_aura_api.TestHealth" name="test_root" time="0.060" /><testcase classname="tests.test_aura_api.TestUserIsolation" name="test_new_user_sees_empty_calendar" time="0.342" /><testcase classname="tests.test_auth_and_features.TestMoodWorkoutsRecap" name="test_10_workouts_multi_persist_and_search" time="0.724" /><testcase classname="tests.test_iter3_features.TestUploadAndFiles" name="test_upload_returns_path_and_files_serves_it" time="1.389" /><testcase classname="tests.test_auth_and_features.TestMoodWorkoutsRecap" name="test_11_weekly_recap_sunday_window_and_fields" time="1.793" /><testcase classname="tests.test_iter3_features.TestDayPhotos" name="test_photos_persist_and_mark_completed" time="1.969" /><testcase classname="tests.test_iter3_features.TestWeeklyRecapExtras" name="test_recap_best_day_and_moods_by_day" time="0.468" /><testcase classname="tests.test_iter4_features.TestRegression" name="test_today_calendar_search_insights_weekly_recap" time="1.584" /></testsuite></testsuites>