<?xml version="1.0" encoding="utf-8"?><testsuites name="pytest tests"><testsuite name="pytest" errors="0" failures="0" skipped="0" tests="9" time="4.234" timestamp="2026-09-06T20:03:24.720379+00:00" hostname="agent-env-016e1b42-760c-4b8e-a504-6bb19942c661"><testcase classname="tests.test_iter7_features.TestGratitudeWall" name="test_wall_returns_all_blessings_newest_first" time="0.418" /><testcase classname="tests.test_iter7_features.TestRegressions" name="test_gratitude_trends_still_works" time="0.416" /><testcase classname="tests.test_iter7_features.TestRegressions" name="test_day_get_and_put" time="2.495" /><testcase classname="tests.test_iter7_features.TestGratitudeWall" name="test_wall_empty_for_user_with_no_blessings" time="1.457" /><testcase classname="tests.test_iter7_features.TestGratitudeWall" name="test_wall_ignores_entries_with_only_empty_blessings" time="0.126" /><testcase classname="tests.test_iter7_features.TestGratitudeWall" name="test_wall_missing_user_id_returns_400" time="0.076" /><testcase classname="tests.test_iter7_features.TestRegressions" name="test_calendar" time="0.127" /><testcase classname="tests.test_iter7_features.TestRegressions" name="test_search" time="0.218" /><testcase classname="tests.test_iter7_features.TestRegressions" name="test_auth_register_login" time="0.647" /></testsuite></testsuites>