<?xml version="1.0" encoding="utf-8"?><testsuites name="pytest tests"><testsuite name="pytest" errors="0" failures="4" skipped="0" tests="83" time="27.567" timestamp="2026-09-07T11:44:16.453100+00:00" hostname="agent-env-016e1b42-760c-4b8e-a504-6bb19942c661"><testcase classname="tests.test_aura_api.TestAuraFullFlow" name="test_01_init" time="0.150" /><testcase classname="tests.test_iter6_features.TestStreakFreeze" name="test_freeze_covers_single_gap_in_month" time="0.149"><failure message="AssertionError: {'days': [], 'loginDates': ['2026-09-02', '2026-09-03', '2026-09-05', '2026-09-06'], 'totalEntries': 0, 'loginDays': 4, ...}&#10;assert 2 == 4">self = &lt;test_iter6_features.TestStreakFreeze object at 0xf9ae14d6ee10&gt;
api = &lt;requests.sessions.Session object at 0xf9ae15e0db10&gt;
base_url = 'https://daily-growth-hub-33.preview.emergentagent.com'
mongo = Database(MongoClient(host=['localhost:27017'], document_class=dict, tz_aware=False, connect=True), 'test_database')

    def test_freeze_covers_single_gap_in_month(self, api, base_url, mongo):
        """Logins on 09-06, 09-05, 09-03, 09-02 (09-04 missing).
        current=4, restDayAvailable=false (used)."""
        uid = _tid()
        _seed_logins(mongo, uid, ["2026-09-06", "2026-09-05", "2026-09-03", "2026-09-02"])
        r = api.get(f"{base_url}/api/calendar", params={"userId": uid})
        assert r.status_code == 200, r.text
        j = r.json()
&gt;       assert j["currentStreak"] == 4, j
E       AssertionError: {'days': [], 'loginDates': ['2026-09-02', '2026-09-03', '2026-09-05', '2026-09-06'], 'totalEntries': 0, 'loginDays': 4, ...}
E       assert 2 == 4

backend/tests/test_iter6_features.py:75: AssertionError</failure></testcase><testcase classname="tests.test_aura_api.TestAuraFullFlow" name="test_02_init_idempotent" time="0.143" /><testcase classname="tests.test_iter6_features.TestStreakFreeze" name="test_two_missed_days_break_streak" time="0.075" /><testcase classname="tests.test_iter6_features.TestStreakFreeze" name="test_no_gaps_freeze_unused" time="0.114"><failure message="AssertionError: {'days': [], 'loginDates': ['2026-09-04', '2026-09-05', '2026-09-06'], 'totalEntries': 0, 'loginDays': 3, ...}&#10;assert False is True">self = &lt;test_iter6_features.TestStreakFreeze object at 0xf9ae14d6ed10&gt;
api = &lt;requests.sessions.Session object at 0xf9ae15e0db10&gt;
base_url = 'https://daily-growth-hub-33.preview.emergentagent.com'
mongo = Database(MongoClient(host=['localhost:27017'], document_class=dict, tz_aware=False, connect=True), 'test_database')

    def test_no_gaps_freeze_unused(self, api, base_url, mongo):
        """Logins on 09-06, 09-05, 09-04 (consecutive).
        current=3, restDayAvailable=true (freeze unused)."""
        uid = _tid()
        _seed_logins(mongo, uid, ["2026-09-06", "2026-09-05", "2026-09-04"])
        r = api.get(f"{base_url}/api/calendar", params={"userId": uid})
        assert r.status_code == 200
        j = r.json()
        assert j["currentStreak"] == 3, j
&gt;       assert j["restDayAvailable"] is True, j
E       AssertionError: {'days': [], 'loginDates': ['2026-09-04', '2026-09-05', '2026-09-06'], 'totalEntries': 0, 'loginDays': 3, ...}
E       assert False is True

backend/tests/test_iter6_features.py:109: AssertionError</failure></testcase><testcase classname="tests.test_aura_api.TestAuraFullFlow" name="test_03_get_day_returns_ai_content" time="0.996" /><testcase classname="tests.test_iter6_features.TestStreakFreeze" name="test_init_returns_rest_day_available" time="0.076" /><testcase classname="tests.test_iter6_features.TestStreakFreeze" name="test_longest_streak_strict_consecutive" time="0.074"><failure message="AssertionError: {'days': [], 'loginDates': ['2026-09-01', '2026-09-02', '2026-09-03', '2026-09-05', '2026-09-06'], 'totalEntries': 0, 'loginDays': 5, ...}&#10;assert 2 == 5">self = &lt;test_iter6_features.TestStreakFreeze object at 0xf9ae14d6f710&gt;
api = &lt;requests.sessions.Session object at 0xf9ae15e0db10&gt;
base_url = 'https://daily-growth-hub-33.preview.emergentagent.com'
mongo = Database(MongoClient(host=['localhost:27017'], document_class=dict, tz_aware=False, connect=True), 'test_database')

    def test_longest_streak_strict_consecutive(self, api, base_url, mongo):
        """Longest streak ignores the monthly rest day.
        Logins: 09-01, 09-02, 09-03, 09-05, 09-06. Longest strict run = 3."""
        uid = _tid()
        _seed_logins(mongo, uid, [
            "2026-09-01", "2026-09-02", "2026-09-03",
            "2026-09-05", "2026-09-06",
        ])
        r = api.get(f"{base_url}/api/calendar", params={"userId": uid})
        assert r.status_code == 200
        j = r.json()
        assert j["longestStreak"] == 3, j
        # currentStreak walks back with freeze on 09-04 → 5
&gt;       assert j["currentStreak"] == 5, j
E       AssertionError: {'days': [], 'loginDates': ['2026-09-01', '2026-09-02', '2026-09-03', '2026-09-05', '2026-09-06'], 'totalEntries': 0, 'loginDays': 5, ...}
E       assert 2 == 5

backend/tests/test_iter6_features.py:136: AssertionError</failure></testcase><testcase classname="tests.test_iter6_features.TestStreakFreeze" name="test_freeze_stops_at_earliest_login" time="0.072"><failure message="assert False is True">self = &lt;test_iter6_features.TestStreakFreeze object at 0xf9ae14d6ff90&gt;
api = &lt;requests.sessions.Session object at 0xf9ae15e0db10&gt;
base_url = 'https://daily-growth-hub-33.preview.emergentagent.com'
mongo = Database(MongoClient(host=['localhost:27017'], document_class=dict, tz_aware=False, connect=True), 'test_database')

    def test_freeze_stops_at_earliest_login(self, api, base_url, mongo):
        """When cursor goes below earliest login, we stop (don't count phantom days).
        Only login on 09-06 → currentStreak=1, restDayAvailable=true (freeze unused)."""
        uid = _tid()
        _seed_logins(mongo, uid, ["2026-09-06"])
        r = api.get(f"{base_url}/api/calendar", params={"userId": uid})
        assert r.status_code == 200
        j = r.json()
        assert j["currentStreak"] == 1
&gt;       assert j["restDayAvailable"] is True
E       assert False is True

backend/tests/test_iter6_features.py:148: AssertionError</failure></testcase><testcase classname="tests.test_auth_and_features.TestAuth" name="test_01_register_returns_token_and_user" time="0.304" /><testcase classname="tests.test_auth_and_features.TestAuth" name="test_02_duplicate_register_returns_409" time="0.364" /><testcase classname="tests.test_auth_and_features.TestAuth" name="test_03_login_success_and_wrong_password" time="1.176" /><testcase classname="tests.test_aura_api.TestAuraFullFlow" name="test_04_ai_content_cached" time="0.574" /><testcase classname="tests.test_aura_api.TestAuraFullFlow" name="test_05_put_day_persists_all_fields" time="0.587" /><testcase classname="tests.test_auth_and_features.TestAuth" name="test_04_me_and_logout" time="0.651" /><testcase classname="tests.test_aura_api.TestAuraFullFlow" name="test_06_calendar_reflects_saved_entry" time="0.291" /><testcase classname="tests.test_aura_api.TestAuraFullFlow" name="test_07_search_finds_journal" time="0.073" /><testcase classname="tests.test_aura_api.TestAuraFullFlow" name="test_08_search_finds_workout_and_goals" time="0.139" /><testcase classname="tests.test_aura_api.TestAuraFullFlow" name="test_09_search_empty_q" time="0.070" /><testcase classname="tests.test_aura_api.TestAuraFullFlow" name="test_10_insights_shape" time="0.073" /><testcase classname="tests.test_aura_api.TestAuraFullFlow" name="test_11_future_day_7_is_special" time="0.942" /><testcase classname="tests.test_auth_and_features.TestAuth" name="test_05_google_session_invalid_returns_401" time="0.154" /><testcase classname="tests.test_iter4_features.TestOnThisDay" name="test_not_found_when_no_entries" time="0.079" /><testcase classname="tests.test_iter4_features.TestOnThisDay" name="test_not_found_when_candidate_before_signup" time="0.223" /><testcase classname="tests.test_iter4_features.TestOnThisDay" name="test_found_after_backdated_signup_snippet_from_journal" time="0.220" /><testcase classname="tests.test_iter4_features.TestOnThisDay" name="test_snippet_fallbacks_to_blessing" time="0.218" /><testcase classname="tests.test_iter4_features.TestOnThisDay" name="test_nearest_week_wins" time="0.329" /><testcase classname="tests.test_aura_api.TestAuraFullFlow" name="test_12_day_2_not_special" time="0.877" /><testcase classname="tests.test_iter3_features.TestPasswordAndDelete" name="test_change_password_flow" time="2.787" /><testcase classname="tests.test_iter7_features.TestRegressions" name="test_gratitude_trends_still_works" time="1.537" /><testcase classname="tests.test_iter7_features.TestRegressions" name="test_day_get_and_put" time="1.131" /><testcase classname="tests.test_iter3_features.TestPasswordAndDelete" name="test_set_password_409_when_already_set" time="0.411" /><testcase classname="tests.test_iter3_features.TestPasswordAndDelete" name="test_me_returns_has_password" time="0.365" /><testcase classname="tests.test_iter7_features.TestRegressions" name="test_calendar" time="0.301" /><testcase classname="tests.test_iter3_features.TestPasswordAndDelete" name="test_delete_account_flow" time="2.146" /><testcase classname="tests.test_iter7_features.TestRegressions" name="test_search" time="0.366" /><testcase classname="tests.test_iter7_features.TestRegressions" name="test_auth_register_login" time="0.654" /><testcase classname="tests.test_iter5_features.TestSearchFilters" name="test_pages_10_only_journal" time="0.703" /><testcase classname="tests.test_iter5_features.TestSearchFilters" name="test_pages_3_only_blessings" time="0.488" /><testcase classname="tests.test_iter4_features.TestMoodTrend" name="test_defaults_length_and_shape" time="0.070" /><testcase classname="tests.test_iter5_features.TestSearchFilters" name="test_no_pages_returns_all_matches" time="0.281" /><testcase classname="tests.test_iter4_features.TestMoodTrend" name="test_clamped_to_7_min" time="0.071" /><testcase classname="tests.test_iter4_features.TestMoodTrend" name="test_clamped_to_90_max" time="0.071" /><testcase classname="tests.test_iter4_features.TestMoodTrend" name="test_average_reflects_saved_moods" time="0.212" /><testcase classname="tests.test_iter5_features.TestSearchFilters" name="test_from_to_limits_date_range" time="0.280" /><testcase classname="tests.test_iter8_features.TestAffirmationDay" name="test_day1_is_affirmation_day" time="1.574" /><testcase classname="tests.test_iter7_features.TestGratitudeWall" name="test_wall_returns_all_blessings_newest_first" time="0.224" /><testcase classname="tests.test_iter7_features.TestGratitudeWall" name="test_wall_empty_for_user_with_no_blessings" time="0.068" /><testcase classname="tests.test_iter7_features.TestGratitudeWall" name="test_wall_ignores_entries_with_only_empty_blessings" time="0.145" /><testcase classname="tests.test_iter7_features.TestGratitudeWall" name="test_wall_missing_user_id_returns_400" time="0.070" /><testcase classname="tests.test_auth_and_features.TestMigrationAndDataDualAuth" name="test_06_anonymous_to_account_migration" time="0.515" /><testcase classname="tests.test_auth_and_features.TestMigrationAndDataDualAuth" name="test_07_data_endpoints_dual_auth" time="2.055" /><testcase classname="tests.test_iter8_features.TestAffirmationDay" name="test_monday_is_affirmation_day_non_day1" time="1.260" /><testcase classname="tests.test_iter8_features.TestAffirmationDay" name="test_tuesday_not_affirmation_day" time="1.140" /><testcase classname="tests.test_auth_and_features.TestMigrationAndDataDualAuth" name="test_08_missing_identifier_returns_400" time="0.068" /><testcase classname="tests.test_auth_and_features.TestMoodWorkoutsRecap" name="test_09_mood_persistence_and_breakdown" time="1.327" /><testcase classname="tests.test_iter8_features.TestAffirmationDay" name="test_saturday_not_affirmation_day" time="2.031" /><testcase classname="tests.test_auth_and_features.TestMoodWorkoutsRecap" name="test_10_workouts_multi_persist_and_search" time="0.520" /><testcase classname="tests.test_auth_and_features.TestMoodWorkoutsRecap" name="test_11_weekly_recap_sunday_window_and_fields" time="1.739" /><testcase classname="tests.test_iter5_features.TestGratitudeTrends" name="test_shape_and_repeat_threshold" time="0.524" /><testcase classname="tests.test_iter5_features.TestGratitudeTrends" name="test_empty_when_no_repeats" time="0.144" /><testcase classname="tests.test_iter5_features.TestGratitudeTrends" name="test_max_six" time="1.317" /><testcase classname="tests.test_iter8_features.TestCarriedAffirmation" name="test_carry_from_monday" time="2.716" /><testcase classname="tests.test_iter8_features.TestRegression" name="test_calendar_streak_fields" time="0.297" /><testcase classname="tests.test_iter8_features.TestRegression" name="test_gratitude_wall_still_works" time="0.460" /><testcase classname="tests.test_iter8_features.TestRegression" name="test_put_persists_affirmation" time="1.293" /><testcase classname="tests.test_iter8_features.TestCarriedAffirmation" name="test_custom_affirmation_takes_precedence" time="1.231" /><testcase classname="tests.test_iter5_features.TestYearlyWrap" name="test_shape_and_values" time="0.438" /><testcase classname="tests.test_iter5_features.TestYearlyWrap" name="test_defaults_to_current_year" time="0.070" /><testcase classname="tests.test_iter8_features.TestQuoteAlwaysPresent" name="test_quote_on_affirmation_day" time="1.119" /><testcase classname="tests.test_iter8_features.TestCarriedAffirmation" name="test_no_affirmation_history_returns_empty" time="1.344" /><testcase classname="tests.test_iter8_features.TestQuoteAlwaysPresent" name="test_quote_on_non_affirmation_day" time="1.010" /><testcase classname="tests.test_iter5_features.TestRegression" name="test_core_endpoints" time="1.411" /><testcase classname="tests.test_aura_api.TestHealth" name="test_root" time="0.071" /><testcase classname="tests.test_aura_api.TestUserIsolation" name="test_new_user_sees_empty_calendar" time="0.161" /><testcase classname="tests.test_iter3_features.TestDayPhotos" name="test_photos_persist_and_mark_completed" time="1.752" /><testcase classname="tests.test_iter5_features.TestRegression" name="test_auth_register_login" time="0.655" /><testcase classname="tests.test_iter3_features.TestUploadAndFiles" name="test_upload_returns_path_and_files_serves_it" time="1.560" /><testcase classname="tests.test_iter3_features.TestWeeklyRecapExtras" name="test_recap_best_day_and_moods_by_day" time="0.441" /><testcase classname="tests.test_iter4_features.TestRegression" name="test_today_calendar_search_insights_weekly_recap" time="1.301" /><testcase classname="tests.test_iter6_features.TestWeeklyRecapStreak" name="test_weekly_recap_currentStreak" time="0.078" /><testcase classname="tests.test_iter6_features.TestSearchPage9Label" name="test_page9_label_is_todays_actions" time="0.182" /><testcase classname="tests.test_iter6_features.TestGratitudeTopBlessing" name="test_top_blessing_repeats_ge_2" time="0.214" /></testsuite></testsuites>