<?xml version="1.0" encoding="utf-8"?><testsuites name="pytest tests"><testsuite name="pytest" errors="0" failures="0" skipped="0" tests="9" time="2.370" timestamp="2026-08-24T02:20:07.583088+00:00" hostname="agent-env-4cd4a96d-b0f2-4b57-8b6b-40ace62151d5"><testcase classname="tests.test_hockey_shootout" name="test_hockey_shootout_reward[6-6-60]" time="0.427" /><testcase classname="tests.test_hockey_shootout" name="test_hockey_shootout_reward[0-0-0]" time="0.201" /><testcase classname="tests.test_hockey_shootout" name="test_hockey_shootout_reward[10-10-100]" time="0.185" /><testcase classname="tests.test_hockey_shootout" name="test_hockey_shootout_reward[15-10-100]" time="0.181" /><testcase classname="tests.test_hockey_shootout" name="test_hockey_shootout_reward[-3-0-0]" time="0.179" /><testcase classname="tests.test_hockey_shootout" name="test_hockey_shootout_reward[1-1-10]" time="0.423" /><testcase classname="tests.test_hockey_shootout" name="test_hockey_shootout_missing_goals_defaults_to_zero" time="0.131" /><testcase classname="tests.test_hockey_shootout" name="test_hockey_shootout_unknown_player_returns_404" time="0.061" /><testcase classname="tests.test_hockey_shootout" name="test_hockey_shootout_accumulates_across_calls" time="0.281" /></testsuite></testsuites>