<?xml version="1.0" encoding="utf-8"?><testsuites name="pytest tests"><testsuite name="pytest" errors="0" failures="0" skipped="0" tests="7" time="3.371" timestamp="2026-08-22T16:49:37.465778+00:00" hostname="agent-env-4cd4a96d-b0f2-4b57-8b6b-40ace62151d5"><testcase classname="tests.test_streak_bonus" name="test_daily_goal_status_has_streak_field" time="0.235" /><testcase classname="tests.test_streak_bonus" name="test_claim_incomplete_returns_400" time="0.270" /><testcase classname="tests.test_streak_bonus" name="test_first_claim_shape_and_streak_bonus" time="0.339" /><testcase classname="tests.test_streak_bonus" name="test_second_claim_same_day_returns_400" time="0.375" /><testcase classname="tests.test_streak_bonus" name="test_streak_bonus_multi_day_via_db" time="0.312" /><testcase classname="tests.test_streak_bonus" name="test_streak_bonus_capped_at_7" time="0.365" /><testcase classname="tests.test_streak_bonus" name="test_streak_resets_when_gap_more_than_one_day" time="1.139" /></testsuite></testsuites>