<?xml version="1.0" encoding="utf-8"?><testsuites name="pytest tests"><testsuite name="pytest" errors="0" failures="1" skipped="0" tests="10" time="1.469" timestamp="2026-09-06T15:23:04.436310+00:00" hostname="agent-env-4cd4a96d-b0f2-4b57-8b6b-40ace62151d5"><testcase classname="tests.test_serve_level1.TestServedFan" name="test_served_fan[eagles]" time="0.333" /><testcase classname="tests.test_serve_level1.TestServeLoadEndpoints" name="test_get_player" time="0.378" /><testcase classname="tests.test_serve_level1.TestServedFan" name="test_served_fan[phillies]" time="0.126" /><testcase classname="tests.test_serve_level1.TestServeLoadEndpoints" name="test_pantry_info" time="0.236" /><testcase classname="tests.test_serve_level1.TestServedFan" name="test_served_fan[flyers]" time="0.169" /><testcase classname="tests.test_serve_level1.TestFinishLevel" name="test_complete_level_soft_pretzel" time="0.302"><failure message="AssertionError: assert (1 in [] or '1' in [])&#10; +  where [] = &lt;built-in method get of dict object at 0xf8b7ec9ed680&gt;('levels_completed', [])&#10; +    where &lt;built-in method get of dict object at 0xf8b7ec9ed680&gt; = {'id': 'a5e50c55-78c6-4a6c-80e6-1ddbc2e3bbcc', 'username': 'TEST_L1_34e191', 'coins': 4105, 'bells': 33, ...}.get">backend/tests/test_serve_level1.py:65: in test_complete_level_soft_pretzel
    assert 1 in p.get("levels_completed", []) or "1" in [str(x) for x in p.get("levels_completed", [])]
E   AssertionError: assert (1 in [] or '1' in [])
E    +  where [] = &lt;built-in method get of dict object at 0xf8b7ec9ed680&gt;('levels_completed', [])
E    +    where &lt;built-in method get of dict object at 0xf8b7ec9ed680&gt; = {'id': 'a5e50c55-78c6-4a6c-80e6-1ddbc2e3bbcc', 'username': 'TEST_L1_34e191', 'coins': 4105, 'bells': 33, ...}.get</failure></testcase><testcase classname="tests.test_serve_level1.TestServedFan" name="test_served_fan[sixers]" time="0.123" /><testcase classname="tests.test_serve_level1.TestEdgeCases" name="test_complete_level_unknown_player" time="0.206" /><testcase classname="tests.test_serve_level1.TestFinishLevel" name="test_daily_goal_progress" time="0.121" /><testcase classname="tests.test_serve_level1.TestEdgeCases" name="test_served_fan_bad_team" time="0.155" /></testsuite></testsuites>