<?xml version="1.0" encoding="utf-8"?><testsuites name="pytest tests"><testsuite name="pytest" errors="0" failures="1" skipped="0" tests="59" time="7.053" timestamp="2026-08-12T23:53:45.244964+00:00" hostname="agent-env-4cd4a96d-b0f2-4b57-8b6b-40ace62151d5"><testcase classname="tests.backend_test.TestBellsBackend" name="test_new_player_starts_with_3_bells_and_public_shape" time="0.228" /><testcase classname="tests.backend_test.TestGenericUpgrade" name="test_upgrade_progression_and_scaling[grill-150-grill_level]" time="0.953" /><testcase classname="tests.backend_test.TestBellsBackend" name="test_bell_packs_shape" time="0.045" /><testcase classname="tests.backend_test.TestBellsBackend" name="test_complete_level_increments_bells" time="0.137" /><testcase classname="tests.backend_test.TestBellsBackend" name="test_complete_level_default_bells_earned_zero" time="0.102" /><testcase classname="tests.backend_test.TestBellsBackend" name="test_spend_bells_success" time="0.182" /><testcase classname="tests.backend_test.TestBellsBackend" name="test_spend_bells_insufficient" time="0.314" /><testcase classname="tests.backend_test.TestGenericUpgrade" name="test_upgrade_progression_and_scaling[pantry-120-pantry_level]" time="0.818" /><testcase classname="tests.backend_test.TestBellsBackend" name="test_spend_bells_404" time="0.045" /><testcase classname="tests.backend_test.TestPurchase" name="test_purchase_deducts_and_adds_booster" time="0.093" /><testcase classname="tests.backend_test.TestPurchase" name="test_purchase_insufficient" time="0.135" /><testcase classname="tests.backend_test.TestPurchase" name="test_purchase_invalid_item" time="0.132" /><testcase classname="tests.backend_test.TestPurchase" name="test_use_booster_decrements" time="0.140" /><testcase classname="tests.backend_test.TestPantry" name="test_new_player_pantry_defaults" time="0.175" /><testcase classname="tests.backend_test.TestPantry" name="test_pantry_upgrade_insufficient_and_progression" time="0.799" /><testcase classname="tests.backend_test.TestGenericUpgrade" name="test_upgrade_progression_and_scaling[plates-100-plates_level]" time="0.697" /><testcase classname="tests.backend_test.TestGenericUpgrade" name="test_upgrade_progression_and_scaling[holding-130-holding_level]" time="0.709" /><testcase classname="tests.backend_test.TestPantry" name="test_save_pantry_zero_level_stores_nothing" time="0.142" /><testcase classname="tests.backend_test.TestPantry" name="test_save_pantry_caps_at_level" time="0.421" /><testcase classname="tests.backend_test.TestRevenueCatWebhook" name="test_non_renewing_grants_coins_and_is_idempotent" time="0.339" /><testcase classname="tests.backend_test.TestGenericUpgrade" name="test_upgrade_insufficient_coins" time="0.108" /><testcase classname="tests.backend_test.TestGenericUpgrade" name="test_upgrade_unknown_key" time="0.108" /><testcase classname="tests.backend_test.TestGenericUpgrade" name="test_upgrade_unknown_player" time="0.061" /><testcase classname="tests.backend_test.TestRevenueCatWebhook" name="test_unknown_product" time="0.166" /><testcase classname="tests.backend_test.TestRevenueCatBells" name="test_webhook_grants_bells[bells_5-5]" time="0.149" /><testcase classname="tests.backend_test.TestRevenueCatWebhook" name="test_non_purchase_event_is_ignored" time="0.046" /><testcase classname="tests.backend_test.TestRevenueCatBells" name="test_webhook_grants_bells[bells_20-20]" time="0.198" /><testcase classname="tests.backend_test.TestRevenueCatWebhook" name="test_all_three_products_grant" time="0.370" /><testcase classname="tests.backend_test.TestRevenueCatBells" name="test_webhook_grants_bells[bells_50-50]" time="0.221" /><testcase classname="tests.backend_test.TestDailyReward" name="test_new_player_daily_reward_status_shape" time="0.144" /><testcase classname="tests.backend_test.TestRevenueCatBells" name="test_webhook_bells_duplicate_idempotent" time="0.428" /><testcase classname="tests.backend_test.TestDailyReward" name="test_claim_grants_coins_bells_and_increments_streak" time="0.145" /><testcase classname="tests.backend_test.TestDailyReward" name="test_second_claim_same_day_returns_400" time="0.262" /><testcase classname="tests.backend_test.TestLevelStars" name="test_complete_level_stores_stars_and_keeps_best" time="0.491" /><testcase classname="tests.backend_test.TestDailyReward" name="test_daily_reward_404" time="0.091" /><testcase classname="tests.backend_test.TestCatalog" name="test_root" time="0.047" /><testcase classname="tests.backend_test.TestCatalog" name="test_dishes" time="0.045" /><testcase classname="tests.backend_test.TestCatalog" name="test_shop" time="0.044" /><testcase classname="tests.backend_test.TestPlayer" name="test_create_player_starts_with_100_coins" time="0.000" /><testcase classname="tests.backend_test.TestPlayer" name="test_no_object_id_leak" time="0.044" /><testcase classname="tests.backend_test.TestPlayer" name="test_get_player_404" time="0.047" /><testcase classname="tests.backend_test.TestGrill" name="test_grill_info_defaults" time="0.144" /><testcase classname="tests.backend_test.TestLevelStars" name="test_stars_zero_not_stored" time="0.096" /><testcase classname="tests.backend_test.TestGrill" name="test_upgrade_grill_insufficient_coins" time="0.091" /><testcase classname="tests.backend_test.TestLevelStars" name="test_stars_ignored_when_not_completed" time="0.141" /><testcase classname="tests.backend_test.TestGrill" name="test_upgrade_grill_full_progression" time="0.471" /><testcase classname="tests.backend_test.TestLevelStars" name="test_new_player_stars_default_empty" time="0.089" /><testcase classname="tests.backend_test.TestWeeklyLeaderboard" name="test_weekly_shape_and_sorted" time="0.238" /><testcase classname="tests.backend_test.TestWeeklyLeaderboard" name="test_complete_level_updates_weekly_max" time="0.280"><failure message="StopIteration">backend/tests/backend_test.py:341: in test_complete_level_updates_weekly_max
    me = next(row for row in wk["leaderboard"] if row["id"] == pid)
         ^^^^^^^^^^^^^^^^^^^^^^^^^^^^^^^^^^^^^^^^^^^^^^^^^^^^^^^^^^
E   StopIteration</failure></testcase><testcase classname="tests.backend_test.TestCompleteLevel" name="test_complete_level_unlocks_next" time="0.047" /><testcase classname="tests.backend_test.TestCompleteLevel" name="test_incomplete_does_not_unlock" time="0.093" /><testcase classname="tests.backend_test.TestHoldingAreaPantryCap" name="test_holding_expands_pantry_cap" time="0.361" /><testcase classname="tests.backend_test.TestUpgradesInfo" name="test_upgrades_info_shape_new_player" time="0.128" /><testcase classname="tests.backend_test.TestUpgradesInfo" name="test_upgrades_info_404" time="0.056" /><testcase classname="tests.backend_test.TestLeaderboard" name="test_leaderboard_sorted" time="0.099" /><testcase classname="tests.backend_test.TestCoinPacks" name="test_coin_packs_shape" time="0.050" /><testcase classname="tests.backend_test.TestHoldingAreaPantryCap" name="test_holding_level2_cap" time="0.417" /><testcase classname="tests.backend_test.TestPlayerDefaultsIter5" name="test_new_player_has_plates_and_holding" time="0.098" /><testcase classname="tests.backend_test.TestDailySpecial" name="test_daily_special_shape_and_determinism" time="0.130" /></testsuite></testsuites>