<?xml version="1.0" encoding="utf-8"?><testsuites name="pytest tests"><testsuite name="pytest" errors="0" failures="0" skipped="0" tests="9" time="2.389" timestamp="2026-08-23T16:31:08.668436+00:00" hostname="agent-env-4cd4a96d-b0f2-4b57-8b6b-40ace62151d5"><testcase classname="tests.test_eagles_match" name="test_eagles_match_reward[True-0-100]" time="0.463" /><testcase classname="tests.test_eagles_match" name="test_eagles_match_reward[True-1-90]" time="0.220" /><testcase classname="tests.test_eagles_match" name="test_eagles_match_reward[True-3-70]" time="0.227" /><testcase classname="tests.test_eagles_match" name="test_eagles_match_reward[True-4-5]" time="0.223" /><testcase classname="tests.test_eagles_match" name="test_eagles_match_reward[False-0-5]" time="0.229" /><testcase classname="tests.test_eagles_match" name="test_eagles_match_reward[False-2-5]" time="0.230" /><testcase classname="tests.test_eagles_match" name="test_eagles_match_clamps_misses_high" time="0.155" /><testcase classname="tests.test_eagles_match" name="test_eagles_match_clamps_misses_negative" time="0.168" /><testcase classname="tests.test_eagles_match" name="test_eagles_match_unknown_player_returns_404" time="0.168" /></testsuite></testsuites>