<?xml version="1.0" encoding="utf-8"?><testsuites name="pytest tests"><testsuite name="pytest" errors="0" failures="0" skipped="0" tests="9" time="1.834" timestamp="2026-08-22T16:58:48.430601+00:00" hostname="agent-env-4cd4a96d-b0f2-4b57-8b6b-40ace62151d5"><testcase classname="tests.test_jersey_math" name="test_jersey_math_reward[7-2-70]" time="0.376" /><testcase classname="tests.test_jersey_math" name="test_jersey_math_reward[5-5-10]" time="0.171" /><testcase classname="tests.test_jersey_math" name="test_jersey_math_reward[10-0-100]" time="0.163" /><testcase classname="tests.test_jersey_math" name="test_jersey_math_reward[2-3-20]" time="0.159" /><testcase classname="tests.test_jersey_math" name="test_jersey_math_reward[0-10-10]" time="0.168" /><testcase classname="tests.test_jersey_math" name="test_jersey_math_reward[0-0-0]" time="0.175" /><testcase classname="tests.test_jersey_math" name="test_jersey_math_clamps_high_values" time="0.106" /><testcase classname="tests.test_jersey_math" name="test_jersey_math_clamps_negative_values" time="0.120" /><testcase classname="tests.test_jersey_math" name="test_jersey_math_unknown_player_returns_404" time="0.059" /></testsuite></testsuites>