<?xml version="1.0" encoding="utf-8"?><testsuites name="pytest tests"><testsuite name="pytest" errors="0" failures="0" skipped="0" tests="7" time="3.176" timestamp="2026-08-13T22:02:11.311726+00:00" hostname="agent-env-4cd4a96d-b0f2-4b57-8b6b-40ace62151d5"><testcase classname="tests.test_daily_goal" name="test_daily_goal_status_shape" time="0.373" /><testcase classname="tests.test_daily_goal" name="test_progress_only_active_metric" time="0.608" /><testcase classname="tests.test_daily_goal" name="test_progress_accumulates" time="0.533" /><testcase classname="tests.test_daily_goal" name="test_claim_requires_complete" time="0.267" /><testcase classname="tests.test_daily_goal" name="test_claim_grants_reward_once" time="0.497" /><testcase classname="tests.test_daily_goal" name="test_progress_after_claim_is_frozen" time="0.433" /><testcase classname="tests.test_daily_goal" name="test_unknown_player_404" time="0.127" /></testsuite></testsuites>